<?xml version="1.0" encoding="UTF-8"?>
<!-- Generated by org.testng.reporters.JUnitReportReporter -->
<testsuite hostname="DESKTOP-1KAEUVT" failures="0" tests="3" name="com.OrangeHRMApplicationPageTests.OrangeHRMApplication_LogInPageTest" time="5.474" errors="0" timestamp="2023-12-04T13:16:15 IST" skipped="0">
  <testcase classname="com.OrangeHRMApplicationPageTests.OrangeHRMApplication_LogInPageTest" name="OrangeHRMApplication_LogInPageTextTest" time="0.059"/>
  <system-out/>
  <testcase classname="com.OrangeHRMApplicationPageTests.OrangeHRMApplication_LogInPageTest" name="ValidatingOrangeHRMApplicationLogInPageLogoTest" time="0.065"/>
  <system-out/>
  <testcase classname="com.OrangeHRMApplicationPageTests.OrangeHRMApplication_LogInPageTest" name="OrangeHRMApplicationLogInPage_LogInTest" time="5.350"/>
  <system-out/>
</testsuite> <!-- com.OrangeHRMApplicationPageTests.OrangeHRMApplication_LogInPageTest -->
