<?xml version="1.0" encoding="UTF-8"?>
<!-- Generated by org.testng.reporters.JUnitReportReporter -->
<testsuite hostname="DESKTOP-1KAEUVT" failures="0" tests="3" name="com.OrangeHRMApplicationPageTests.OrangeHRMApplication_EmployeeListTest" time="33.648" errors="0" timestamp="2023-12-04T13:18:37 IST" skipped="0">
  <testcase classname="com.OrangeHRMApplicationPageTests.OrangeHRMApplication_EmployeeListTest" name="ValidatingOrangeHRMApllicationLoginPageTest" time="5.012"/>
  <system-out/>
  <testcase classname="com.OrangeHRMApplicationPageTests.OrangeHRMApplication_EmployeeListTest" name="ValidatingOrangeHrmApplicationEmployeeList_PIMModuleTest" time="1.383"/>
  <system-out/>
  <testcase classname="com.OrangeHRMApplicationPageTests.OrangeHRMApplication_EmployeeListTest" name="ValidatingOrangehrmapplicationEmployeelist_webtablepropertyTest" time="27.253"/>
  <system-out/>
</testsuite> <!-- com.OrangeHRMApplicationPageTests.OrangeHRMApplication_EmployeeListTest -->
