<?xml version="1.0" encoding="UTF-8"?>
<!-- Generated by org.testng.reporters.JUnitReportReporter -->
<testsuite hostname="DESKTOP-1KAEUVT" failures="0" tests="3" name="com.OrangeHRMApplicationPageTests.OrangeHRMApplication_HomePageTest" time="10.886" errors="0" timestamp="2023-12-04T13:17:19 IST" skipped="0">
  <testcase classname="com.OrangeHRMApplicationPageTests.OrangeHRMApplication_HomePageTest" name="ValidatingOrangeHRMApllicationLoginPageTest" time="5.043"/>
  <system-out/>
  <testcase classname="com.OrangeHRMApplicationPageTests.OrangeHRMApplication_HomePageTest" name="ValidatingorangeHRMApplicationHomepageTextTest" time="0.096"/>
  <system-out/>
  <testcase classname="com.OrangeHRMApplicationPageTests.OrangeHRMApplication_HomePageTest" name="validatingorangehrmapplicationhomepagelogoutTest" time="5.747"/>
  <system-out/>
</testsuite> <!-- com.OrangeHRMApplicationPageTests.OrangeHRMApplication_HomePageTest -->
