<?xml version="1.0" encoding="UTF-8"?>
<!-- Generated by org.testng.reporters.JUnitReportReporter -->
<testsuite hostname="DESKTOP-1KAEUVT" failures="0" tests="6" name="com.OrangeHRMApplicationPageTests.OrangeHRMApplication_AddEmployeePageTest" time="7.614" errors="0" timestamp="2023-12-04T13:19:12 IST" skipped="0">
  <testcase classname="com.OrangeHRMApplicationPageTests.OrangeHRMApplication_AddEmployeePageTest" name="ValidatingOrangeHRMApllicationLoginPageTest" time="4.958"/>
  <system-out/>
  <testcase classname="com.OrangeHRMApplicationPageTests.OrangeHRMApplication_AddEmployeePageTest" name="ValidatingOrangeHRMApplicationHomePagePIMTest" time="0.254"/>
  <system-out/>
  <testcase classname="com.OrangeHRMApplicationPageTests.OrangeHRMApplication_AddEmployeePageTest" name="ValidatingOrangeHRMApplicationHomePagePIMAddEmployeeTest" time="0.588"/>
  <system-out/>
  <testcase classname="com.OrangeHRMApplicationPageTests.OrangeHRMApplication_AddEmployeePageTest" name="ValidatingAddEmployeeFullNameTextTest" time="0.033"/>
  <system-out/>
  <testcase classname="com.OrangeHRMApplicationPageTests.OrangeHRMApplication_AddEmployeePageTest" name="ValidatingAddEmployeePersonalDetails" time="0.279"/>
  <system-out/>
  <testcase classname="com.OrangeHRMApplicationPageTests.OrangeHRMApplication_AddEmployeePageTest" name="ValidatingAddEmployeebuttonpropertyTest" time="1.502"/>
  <system-out/>
</testsuite> <!-- com.OrangeHRMApplicationPageTests.OrangeHRMApplication_AddEmployeePageTest -->
