<?xml version="1.0" encoding="UTF-8"?>
<!-- Generated by org.testng.reporters.JUnitReportReporter -->
<testsuite hostname="DESKTOP-1KAEUVT" failures="0" tests="3" name="com.OrangeHRMApplicationPageTests.OrangeHRMApplication_LogInPageTest" time="11.472" errors="0" timestamp="2023-10-10T15:05:14 IST" skipped="0">
  <testcase classname="com.OrangeHRMApplicationPageTests.OrangeHRMApplication_LogInPageTest" name="ValidatingLogInPanelTextTest" time="3.067"/>
  <system-out/>
  <testcase classname="com.OrangeHRMApplicationPageTests.OrangeHRMApplication_LogInPageTest" name="ValidatingOrangeHRMApplicationLogInPageLogoTest" time="2.857"/>
  <system-out/>
  <testcase classname="com.OrangeHRMApplicationPageTests.OrangeHRMApplication_LogInPageTest" name="OrangeHRMApplicationLogInPage_LogInTest" time="5.548"/>
  <system-out/>
</testsuite> <!-- com.OrangeHRMApplicationPageTests.OrangeHRMApplication_LogInPageTest -->
