<?xml version="1.0" encoding="UTF-8"?>
<!-- Generated by org.testng.reporters.JUnitReportReporter -->
<testsuite hostname="DESKTOP-1KAEUVT" failures="0" tests="3" name="com.OrangeHRMApplicationTestCases_Log4j.OrangeHRMApplication_LogInTest" time="2.440" errors="0" timestamp="2023-10-07T19:56:06 IST" skipped="0">
  <testcase classname="com.OrangeHRMApplicationTestCases_Log4j.OrangeHRMApplication_LogInTest" name="orangeHRMApplication_LogInTest" time="1.648"/>
  <system-out/>
  <testcase classname="com.OrangeHRMApplicationTestCases_Log4j.OrangeHRMApplication_LogInTest" name="validatingHomePage" time="0.151"/>
  <system-out/>
  <testcase classname="com.OrangeHRMApplicationTestCases_Log4j.OrangeHRMApplication_LogInTest" name="logOut" time="0.641"/>
  <system-out/>
</testsuite> <!-- com.OrangeHRMApplicationTestCases_Log4j.OrangeHRMApplication_LogInTest -->
