<?xml version="1.0" encoding="UTF-8"?>
<!-- Generated by org.testng.reporters.JUnitReportReporter -->
<testsuite hostname="DESKTOP-1KAEUVT" failures="0" tests="7" name="com.OrangeHRMApplicationTestCases.OrangeHRMApplication_AddEmployeeTest" time="23.677" errors="0" timestamp="2023-10-07T20:23:03 IST" skipped="0">
  <testcase classname="com.OrangeHRMApplicationTestCases.OrangeHRMApplication_AddEmployeeTest" name="orangeHRMApplication_LogInTest" time="1.128"/>
  <system-out/>
  <testcase classname="com.OrangeHRMApplicationTestCases.OrangeHRMApplication_AddEmployeeTest" name="validatingHomePage" time="0.123"/>
  <system-out/>
  <testcase classname="com.OrangeHRMApplicationTestCases.OrangeHRMApplication_AddEmployeeTest" name="pimTest" time="0.170"/>
  <system-out/>
  <testcase classname="com.OrangeHRMApplicationTestCases.OrangeHRMApplication_AddEmployeeTest" name="addEmployeeTest" time="0.392"/>
  <system-out/>
  <testcase classname="com.OrangeHRMApplicationTestCases.OrangeHRMApplication_AddEmployeeTest" name="addNewEmployeeTest" time="21.233"/>
  <system-out/>
  <testcase classname="com.OrangeHRMApplicationTestCases.OrangeHRMApplication_AddEmployeeTest" name="welComeAdminTest" time="0.053"/>
  <system-out/>
  <testcase classname="com.OrangeHRMApplicationTestCases.OrangeHRMApplication_AddEmployeeTest" name="logOutTest" time="0.578"/>
  <system-out/>
</testsuite> <!-- com.OrangeHRMApplicationTestCases.OrangeHRMApplication_AddEmployeeTest -->
