<?xml version="1.0" encoding="UTF-8"?>
<!-- Generated by org.testng.reporters.JUnitReportReporter -->
<testsuite hostname="DESKTOP-1KAEUVT" failures="0" tests="7" name="com.OrangeHRMApplicationTestCases_Log4j.OrangeHRMApplication_AddEmployeeTest_Log4j" time="24.488" errors="0" timestamp="2023-10-07T20:15:10 IST" skipped="0">
  <testcase classname="com.OrangeHRMApplicationTestCases_Log4j.OrangeHRMApplication_AddEmployeeTest_Log4j" name="orangeHRMApplication_LogInTest" time="1.648"/>
  <system-out/>
  <testcase classname="com.OrangeHRMApplicationTestCases_Log4j.OrangeHRMApplication_AddEmployeeTest_Log4j" name="validatingHomePage" time="0.167"/>
  <system-out/>
  <testcase classname="com.OrangeHRMApplicationTestCases_Log4j.OrangeHRMApplication_AddEmployeeTest_Log4j" name="pimTest" time="0.187"/>
  <system-out/>
  <testcase classname="com.OrangeHRMApplicationTestCases_Log4j.OrangeHRMApplication_AddEmployeeTest_Log4j" name="addEmployeeTest" time="0.403"/>
  <system-out/>
  <testcase classname="com.OrangeHRMApplicationTestCases_Log4j.OrangeHRMApplication_AddEmployeeTest_Log4j" name="addNewEmployeeTest" time="21.420"/>
  <system-out/>
  <testcase classname="com.OrangeHRMApplicationTestCases_Log4j.OrangeHRMApplication_AddEmployeeTest_Log4j" name="welComeAdminTest" time="0.066"/>
  <system-out/>
  <testcase classname="com.OrangeHRMApplicationTestCases_Log4j.OrangeHRMApplication_AddEmployeeTest_Log4j" name="logOutTest" time="0.597"/>
  <system-out/>
</testsuite> <!-- com.OrangeHRMApplicationTestCases_Log4j.OrangeHRMApplication_AddEmployeeTest_Log4j -->
