<?xml version="1.0" encoding="UTF-8"?>
<!-- Generated by org.testng.reporters.JUnitReportReporter -->
<testsuite hostname="DESKTOP-1KAEUVT" failures="0" tests="3" name="com.OrangeHRMApplicationTestCases.OrangeHRMApplication_LogInTest" time="2.665" errors="0" timestamp="2023-10-07T20:23:03 IST" skipped="0">
  <testcase classname="com.OrangeHRMApplicationTestCases.OrangeHRMApplication_LogInTest" name="orangeHRMApplication_LogInTest" time="1.835"/>
  <system-out/>
  <testcase classname="com.OrangeHRMApplicationTestCases.OrangeHRMApplication_LogInTest" name="validatingHomePage" time="0.167"/>
  <system-out/>
  <testcase classname="com.OrangeHRMApplicationTestCases.OrangeHRMApplication_LogInTest" name="logOut" time="0.663"/>
  <system-out/>
</testsuite> <!-- com.OrangeHRMApplicationTestCases.OrangeHRMApplication_LogInTest -->
