<?xml version="1.0" encoding="UTF-8"?>
<!-- Generated by org.testng.reporters.JUnitReportReporter -->
<testsuite hostname="DESKTOP-1KAEUVT" failures="0" tests="2" name="Excel_OhrmPractice.Ohrm_Excel_Practice" time="3.654" errors="0" timestamp="2023-12-09T16:49:25 IST" skipped="0">
  <testcase classname="Excel_OhrmPractice.Ohrm_Excel_Practice" name="setUp" time="2.965"/>
  <system-out/>
  <testcase classname="Excel_OhrmPractice.Ohrm_Excel_Practice" name="LoginPanelTest" time="0.689"/>
  <system-out/>
</testsuite> <!-- Excel_OhrmPractice.Ohrm_Excel_Practice -->
