<?xml version="1.0" encoding="UTF-8"?>
<!-- Generated by org.testng.reporters.JUnitReportReporter -->
<testsuite hostname="DESKTOP-1KAEUVT" failures="0" tests="3" name="com.OrangeHRMApplicationTesting.LogInTest" time="3.728" errors="0" timestamp="2023-10-05T19:18:54 IST" skipped="0">
  <testcase classname="com.OrangeHRMApplicationTesting.LogInTest" name="orangeHRMApplication_LogInTest" time="2.400"/>
  <system-out/>
  <testcase classname="com.OrangeHRMApplicationTesting.LogInTest" name="validatingHomePage" time="0.278"/>
  <system-out/>
  <testcase classname="com.OrangeHRMApplicationTesting.LogInTest" name="logOut" time="1.050"/>
  <system-out/>
</testsuite> <!-- com.OrangeHRMApplicationTesting.LogInTest -->
