<?xml version="1.0" encoding="UTF-8"?>
<!-- Generated by org.testng.reporters.JUnitReportReporter -->
<testsuite hostname="DESKTOP-1KAEUVT" failures="0" tests="7" name="com.OrangeHRMApplicationTesting_Log4j.OrangeHRMApplication_AddEmployeeTest_Log4j" time="24.171" errors="0" timestamp="2023-10-16T16:35:28 IST" skipped="0">
  <testcase classname="com.OrangeHRMApplicationTesting_Log4j.OrangeHRMApplication_AddEmployeeTest_Log4j" name="orangeHRMApplication_LogInTest" time="1.557"/>
  <system-out/>
  <testcase classname="com.OrangeHRMApplicationTesting_Log4j.OrangeHRMApplication_AddEmployeeTest_Log4j" name="validatingHomePage" time="0.252"/>
  <system-out/>
  <testcase classname="com.OrangeHRMApplicationTesting_Log4j.OrangeHRMApplication_AddEmployeeTest_Log4j" name="pimTest" time="0.161"/>
  <system-out/>
  <testcase classname="com.OrangeHRMApplicationTesting_Log4j.OrangeHRMApplication_AddEmployeeTest_Log4j" name="addEmployeeTest" time="0.388"/>
  <system-out/>
  <testcase classname="com.OrangeHRMApplicationTesting_Log4j.OrangeHRMApplication_AddEmployeeTest_Log4j" name="addNewEmployeeTest" time="21.194"/>
  <system-out/>
  <testcase classname="com.OrangeHRMApplicationTesting_Log4j.OrangeHRMApplication_AddEmployeeTest_Log4j" name="welComeAdminTest" time="0.061"/>
  <system-out/>
  <testcase classname="com.OrangeHRMApplicationTesting_Log4j.OrangeHRMApplication_AddEmployeeTest_Log4j" name="logOutTest" time="0.558"/>
  <system-out/>
</testsuite> <!-- com.OrangeHRMApplicationTesting_Log4j.OrangeHRMApplication_AddEmployeeTest_Log4j -->
